Build started 2/16/2015 5:57:50 AM.
     1>Project "C:\Documents and Settings\Administrator\gocode\src\github.com\getlantern\systray\systray\systray\systray.vcxproj" on node 2 (build target(s)).
     1>InitializeBuildStatus:
         Creating "Release\systray.unsuccessfulbuild" because "AlwaysCreate" was specified.
       ClCompile:
         All outputs are up-to-date.
         All outputs are up-to-date.
         C:\Program Files\Microsoft Visual Studio 9.0\VC\bin\CL.exe /c /Zi /nologo /W3 /WX- /O2 /Oi /Oy- /GL /D WIN32 /D NDEBUG /D _WINDOWS /D _USRDLL /D SYSTRAY_EXPORTS /D _WINDLL /D _UNICODE /D UNICODE /Gm- /EHsc /MD /GS /Gy /fp:precise /Zc:wchar_t /Zc:forScope /Yu"StdAfx.h" /Fp"Release\systray.pch" /Fo"Release\\" /Fd"Release\vc90.pdb" /Gd /TP /analyze- /errorReport:prompt systray.cpp
         systray.cpp
       Link:
         C:\Program Files\Microsoft Visual Studio 9.0\VC\bin\link.exe /ERRORREPORT:PROMPT /OUT:"C:\Documents and Settings\Administrator\gocode\src\github.com\getlantern\systray\systray\Release\systray.dll" /INCREMENTAL:NO /NOLOGO kernel32.lib user32.lib gdi32.lib winspool.lib comdlg32.lib advapi32.lib shell32.lib ole32.lib oleaut32.lib uuid.lib odbc32.lib odbccp32.lib /MANIFEST /ManifestFile:"Release\systray.dll.intermediate.manifest" /MANIFESTUAC:"level='asInvoker' uiAccess='false'" /DEBUG /PDB:"C:\Documents and Settings\Administrator\gocode\src\github.com\getlantern\systray\systray\Release\systray.pdb" /SUBSYSTEM:WINDOWS /OPT:REF /OPT:ICF /LTCG /TLBID:1 /DYNAMICBASE /NXCOMPAT /IMPLIB:"C:\Documents and Settings\Administrator\gocode\src\github.com\getlantern\systray\systray\Release\systray.lib" /MACHINE:X86 /DLL Release\dllmain.obj
         Release\stdafx.obj
         Release\systray.obj
            Creating library C:\Documents and Settings\Administrator\gocode\src\github.com\getlantern\systray\systray\Release\systray.lib and object C:\Documents and Settings\Administrator\gocode\src\github.com\getlantern\systray\systray\Release\systray.exp
         Generating code
         Finished generating code
         systray.vcxproj -> C:\Documents and Settings\Administrator\gocode\src\github.com\getlantern\systray\systray\Release\systray.dll
       Manifest:
         C:\Program Files\Microsoft SDKs\Windows\v6.0A\bin\mt.exe /nologo /verbose /outputresource:"C:\Documents and Settings\Administrator\gocode\src\github.com\getlantern\systray\systray\Release\systray.dll;#2" /manifest Release\systray.dll.intermediate.manifest
       FinalizeBuildStatus:
         Deleting file "Release\systray.unsuccessfulbuild".
         Touching "Release\systray.lastbuildstate".
     1>Done Building Project "C:\Documents and Settings\Administrator\gocode\src\github.com\getlantern\systray\systray\systray\systray.vcxproj" (build target(s)).

Build succeeded.

Time Elapsed 00:00:00.85
